=================================================
Project : lang_10	start : 18/10/27 15:32
Current failed test : org.apache.commons.lang3.time.FastDateFormat_ParserTest::testLANG_831 | 18/10/27 15:32

----------------------------------------
----------------------------------------
Pass Single Test : [=>0,0]
if ( idx > 0 ) { 
Time : 18/10/27 15:36
----------------------------------------

----------------------------------------
----------------------------------------
Pass Single Test : [=>0,0]
Date date = parse ( source , new ParsePosition ( 1 ) ) ; 
Time : 18/10/27 15:43
----------------------------------------

----------------------------------------
----------------------------------------
Pass Single Test : [=>0,0]
Matcher matcher = parsePattern . matcher ( source . substring ( '+' ) ) ; 
Time : 18/10/27 15:56
----------------------------------------
Timeout time : 18/10/27 16:03
