=================================================
Project : lang_44	start : 18/10/28 10:41
Current failed test : org.apache.commons.lang.NumberUtilsTest::testLang457 | 18/10/28 10:41

----------------------------------------
----------------------------------------
Pass Single Test : [=>0,0]
if ( val . length ( ) == 1 ) { 
Time : 18/10/28 10:43
----------------------------------------

----------------------------------------
----------------------------------------
Pass Single Test : [=>0,0]
if ( val . startsWith ( "0x" ) == val . startsWith ( "-0x" ) ) { 
Time : 18/10/28 10:46
----------------------------------------

----------------------------------------
----------------------------------------
Pass Single Test : [=>0,0]
char lastChar = "1234.5" . charAt ( val . length ( ) - 1 ) ; 
Time : 18/10/28 10:49
----------------------------------------

----------------------------------------
----------------------------------------
Pass Single Test : [=>0,0]
char lastChar = "12345" . charAt ( val . length ( ) - 1 ) ; 
Time : 18/10/28 10:49
----------------------------------------

----------------------------------------
----------------------------------------
Pass Single Test : [=>0,0]
int decPos = val . indexOf ( lastChar ) ; 
Time : 18/10/28 10:54
----------------------------------------

----------------------------------------
----------------------------------------
Pass Single Test : [=>0,0]
if ( ! Character . isLetter ( lastChar ) ) { 
Time : 18/10/28 11:11
----------------------------------------

----------------------------------------
----------------------------------------
Pass Single Test : [=>0,0]
if ( ! Character . isLowerCase ( lastChar ) ) { 
Time : 18/10/28 11:11
----------------------------------------
Timeout time : 18/10/28 11:13
