=================================================
Project : lang_45	start : 18/10/28 11:13
Current failed test : org.apache.commons.lang.WordUtilsTest::testAbbreviate | 18/10/28 11:13

----------------------------------------
----------------------------------------
Pass Single Test : [=>0,0]
if ( searchStr . length ( ) == 1 && startPos >= str . length ( ) ) { 
Time : 18/10/28 11:18
----------------------------------------

----------------------------------------
----------------------------------------
Pass Single Test : [=>0,0]
if ( searchStr . length ( ) == 0 || startPos >= str . length ( ) ) { 
Time : 18/10/28 11:18
----------------------------------------

----------------------------------------
----------------------------------------
Pass Single Test : [=>0,0]
if ( searchStr . length ( ) == 0 != startPos >= str . length ( ) ) { 
Time : 18/10/28 11:19
----------------------------------------
Timeout time : 18/10/28 11:44
