=================================================
Project : lang_48	start : 18/10/28 13:17
Current failed test : org.apache.commons.lang.builder.EqualsBuilderTest::testBigDecimal | 18/10/28 13:17

----------------------------------------
----------------------------------------
Pass Single Test : [=>0,0]
isEquals = rhs . equals ( rhs ) ; 
Time : 18/10/28 13:18
----------------------------------------

----------------------------------------
----------------------------------------
Pass Single Test : [=>0,0]
isEquals = lhs . equals ( lhs ) ; 
Time : 18/10/28 13:19
----------------------------------------

----------------------------------------
----------------------------------------
Pass Single Test : [=>0,0]
if ( isEquals || false ) { 
Time : 18/10/28 13:20
----------------------------------------

----------------------------------------
----------------------------------------
Pass Single Test : [=>0,0]
if ( isEquals == true ) { 
Time : 18/10/28 13:21
----------------------------------------

----------------------------------------
----------------------------------------
Pass Single Test : [=>0,0]
if ( rhs == rhs ) { 
Time : 18/10/28 13:21
----------------------------------------

----------------------------------------
----------------------------------------
Pass Single Test : [=>0,0]
if ( lhs == lhs ) { 
Time : 18/10/28 13:22
----------------------------------------
Timeout time : 18/10/28 13:50
