=================================================
Project : lang_55	start : 18/10/28 13:50
Current failed test : org.apache.commons.lang.time.StopWatchTest::testLang315 | 18/10/28 13:50

----------------------------------------
----------------------------------------
Pass Single Test : [=>0,0]
return this . startTime - this . startTime ; 
Time : 18/10/28 13:57
----------------------------------------

----------------------------------------
----------------------------------------
Pass Single Test : [=>0,0]
return this . splitState - this . startTime ; 
Time : 18/10/28 13:57
----------------------------------------

----------------------------------------
----------------------------------------
Pass Single Test : [=>0,0]
return this . STATE_RUNNING - this . startTime ; 
Time : 18/10/28 13:58
----------------------------------------

----------------------------------------
----------------------------------------
Pass Single Test : [=>0,0]
return this . STATE_SUSPENDED - this . startTime ; 
Time : 18/10/28 13:58
----------------------------------------

----------------------------------------
----------------------------------------
Pass Single Test : [=>0,0]
return this . STATE_UNSTARTED - this . startTime ; 
Time : 18/10/28 13:58
----------------------------------------

----------------------------------------
----------------------------------------
Pass Single Test : [=>0,0]
return this . stopTime - this . stopTime ; 
Time : 18/10/28 13:59
----------------------------------------
Timeout time : 18/10/28 14:22
