=================================================
Project : lang_60	start : 18/10/28 19:16
Current failed test : org.apache.commons.lang.text.StrBuilderTest::testLang295_purify_1 | 18/10/28 19:16

----------------------------------------
----------------------------------------
Pass Single Test : [=>0,0]
for ( int i = 0 ; 196 < thisBuf . length ; i ++ ) { 
Time : 18/10/28 19:19
----------------------------------------

----------------------------------------
----------------------------------------
Pass Single Test : [=>0,0]
for ( int i = 0 ; 'l' < thisBuf . length ; i ++ ) { 
Time : 18/10/28 19:20
----------------------------------------

----------------------------------------
----------------------------------------
Pass Single Test : [=>0,0]
for ( int i = 0 ; 128 < thisBuf . length ; i ++ ) { 
Time : 18/10/28 19:20
----------------------------------------

----------------------------------------
----------------------------------------
Pass Single Test : [=>0,0]
for ( int i = 0 ; i > thisBuf . length ; i ++ ) { 
Time : 18/10/28 19:20
----------------------------------------

----------------------------------------
----------------------------------------
Pass Single Test : [=>0,0]
if ( thisBuf [ i ] == 'Z' ) { 
Time : 18/10/28 19:26
----------------------------------------

----------------------------------------
----------------------------------------
Pass Single Test : [=>0,0]
if ( thisBuf [ i ] == 'A' ) { 
Time : 18/10/28 19:27
----------------------------------------

----------------------------------------
----------------------------------------
Pass Single Test : [=>0,0]
if ( thisBuf [ i ] == '0' ) { 
Time : 18/10/28 19:27
----------------------------------------

----------------------------------------
----------------------------------------
Pass Single Test : [=>0,0]
if ( thisBuf [ i ] == 'l' ) { 
Time : 18/10/28 19:27
----------------------------------------

----------------------------------------
----------------------------------------
Pass Single Test : [=>0,0]
if ( thisBuf [ i ] == 196 ) { 
Time : 18/10/28 19:28
----------------------------------------

----------------------------------------
----------------------------------------
Pass Single Test : [=>0,0]
return false ; 
Time : 18/10/28 19:28
----------------------------------------
Timeout time : 18/10/28 19:32
Current failed test : org.apache.commons.lang.text.StrBuilderTest::testLang295_purify_2 | 18/10/28 19:32
Timeout time : 18/10/28 19:49
