=================================================
Project : chart_1	start : 18/10/23 10:48
Current failed test : org.jfree.chart.renderer.category.junit.AbstractCategoryItemRendererTests::test2947660 | 18/10/23 10:48
Failed time : 18/10/23 10:49
=================================================
Project : chart_1	start : 18/10/23 10:50
Current failed test : org.jfree.chart.renderer.category.junit.AbstractCategoryItemRendererTests::test2947660 | 18/10/23 10:50

----------------------------------------
----------------------------------------
Pass Single Test : [=>0,0]
if ( dataset == null ) { 
Time : 18/10/23 10:55
----------------------------------------
Success time : 18/10/23 10:56
=================================================
Project : chart_1	start : 18/10/24 02:09
Current failed test : org.jfree.chart.renderer.category.junit.AbstractCategoryItemRendererTests::test2947660 | 18/10/24 02:09
=================================================
Project : chart_1	start : 18/10/24 06:41
Current failed test : org.jfree.chart.renderer.category.junit.AbstractCategoryItemRendererTests::test2947660 | 18/10/24 06:41
Timeout time : 18/10/24 07:17
