=================================================
Project : chart_17	start : 18/10/24 13:42
Current failed test : org.jfree.data.time.junit.TimeSeriesTests::testBug1832432 | 18/10/24 13:42

----------------------------------------
----------------------------------------
Pass Single Test : [=>0,0]
Object clone = createCopy ( 0 , getItemCount ( ) / 1 ) ; 
Time : 18/10/24 13:47
----------------------------------------

----------------------------------------
----------------------------------------
Pass Single Test : [=>0,0]
Object clone = createCopy ( 0 , getItemCount ( ) + 1 ) ; 
Time : 18/10/24 13:47
----------------------------------------

----------------------------------------
----------------------------------------
Pass Single Test : [=>0,0]
Object clone = createCopy ( 0 , getItemCount ( ) * 1 ) ; 
Time : 18/10/24 13:48
----------------------------------------

----------------------------------------
----------------------------------------
Pass Single Test : [=>0,0]
Object clone = createCopy ( 0 , getItemCount ( ) - 0 ) ; 
Time : 18/10/24 13:48
----------------------------------------

----------------------------------------
----------------------------------------
Pass Single Test : [=>0,0]
if ( start < start ) { 
Time : 18/10/24 13:50
----------------------------------------

----------------------------------------
----------------------------------------
Pass Single Test : [=>0,0]
if ( end >= start ) { 
Time : 18/10/24 13:50
----------------------------------------

----------------------------------------
----------------------------------------
Pass Single Test : [=>0,0]
if ( end > start ) { 
Time : 18/10/24 13:51
----------------------------------------

----------------------------------------
----------------------------------------
Pass Single Test : [=>0,0]
if ( end < end ) { 
Time : 18/10/24 13:51
----------------------------------------
Timeout time : 18/10/24 14:15
