=================================================
Project : chart_9	start : 18/10/24 10:18
Current failed test : org.jfree.data.time.junit.TimeSeriesTests::testBug1864222 | 18/10/24 10:18

----------------------------------------
----------------------------------------
Pass Single Test : [=>0,0]
boolean emptyRange = true ; 
Time : 18/10/24 10:24
----------------------------------------

----------------------------------------
----------------------------------------
Pass Single Test : [=>0,0]
startIndex = - ( startIndex * 1 ) ; 
Time : 18/10/24 10:31
----------------------------------------

----------------------------------------
----------------------------------------
Pass Single Test : [=>0,0]
startIndex = - ( startIndex / 1 ) ; 
Time : 18/10/24 10:32
----------------------------------------

----------------------------------------
----------------------------------------
Pass Single Test : [=>0,0]
startIndex = - ( startIndex + 0 ) ; 
Time : 18/10/24 10:32
----------------------------------------

----------------------------------------
----------------------------------------
Pass Single Test : [=>0,0]
startIndex = - ( startIndex + 2 ) ; 
Time : 18/10/24 10:33
----------------------------------------

----------------------------------------
----------------------------------------
Pass Single Test : [=>0,0]
if ( startIndex < 0 ) { 
Time : 18/10/24 10:38
----------------------------------------

----------------------------------------
----------------------------------------
Pass Single Test : [=>0,0]
if ( endIndex >= 0 ) { 
Time : 18/10/24 10:38
----------------------------------------

----------------------------------------
----------------------------------------
Pass Single Test : [=>0,0]
if ( endIndex > 0 ) { 
Time : 18/10/24 10:39
----------------------------------------

----------------------------------------
----------------------------------------
Pass Single Test : [=>0,0]
startIndex = - ( endIndex + 1 ) ; 
Time : 18/10/24 10:40
----------------------------------------

----------------------------------------
----------------------------------------
Pass Single Test : [=>0,0]
endIndex = + ( endIndex + 1 ) ; 
Time : 18/10/24 10:40
----------------------------------------

----------------------------------------
----------------------------------------
Pass Single Test : [=>0,0]
endIndex = - ( startIndex + 1 ) ; 
Time : 18/10/24 10:41
----------------------------------------

----------------------------------------
----------------------------------------
Pass Single Test : [=>0,0]
endIndex = - ( endIndex * 1 ) ; 
Time : 18/10/24 10:42
----------------------------------------

----------------------------------------
----------------------------------------
Pass Single Test : [=>0,0]
endIndex = - ( endIndex / 1 ) ; 
Time : 18/10/24 10:42
----------------------------------------

----------------------------------------
----------------------------------------
Pass Single Test : [=>0,0]
endIndex = - ( endIndex + 0 ) ; 
Time : 18/10/24 10:43
----------------------------------------

----------------------------------------
----------------------------------------
Pass Single Test : [=>0,0]
endIndex = - ( endIndex + 3 ) ; 
Time : 18/10/24 10:43
----------------------------------------

----------------------------------------
----------------------------------------
Pass Single Test : [=>0,0]
endIndex = - ( endIndex + 2 ) ; 
Time : 18/10/24 10:43
----------------------------------------

----------------------------------------
----------------------------------------
Pass Single Test : [=>0,0]
startIndex = endIndex - 1 ; 
Time : 18/10/24 10:44
----------------------------------------

----------------------------------------
----------------------------------------
Pass Single Test : [=>0,0]
endIndex = endIndex / 1 ; 
Time : 18/10/24 10:45
----------------------------------------

----------------------------------------
----------------------------------------
Pass Single Test : [=>0,0]
endIndex = endIndex * 1 ; 
Time : 18/10/24 10:46
----------------------------------------

----------------------------------------
----------------------------------------
Pass Single Test : [=>0,0]
endIndex = endIndex - 0 ; 
Time : 18/10/24 10:46
----------------------------------------

----------------------------------------
----------------------------------------
Pass Single Test : [=>0,0]
endIndex = endIndex - 3 ; 
Time : 18/10/24 10:46
----------------------------------------

----------------------------------------
----------------------------------------
Pass Single Test : [=>0,0]
endIndex = endIndex - 2 ; 
Time : 18/10/24 10:47
----------------------------------------

----------------------------------------
----------------------------------------
Pass Single Test : [=>0,0]
if ( endIndex >= 0 ) { 
Time : 18/10/24 10:48
----------------------------------------

----------------------------------------
----------------------------------------
Pass Single Test : [=>0,0]
if ( endIndex <= 0 ) { 
Time : 18/10/24 10:49
----------------------------------------

----------------------------------------
----------------------------------------
Pass Single Test : [=>0,0]
if ( endIndex < 1 ) { 
Time : 18/10/24 10:49
----------------------------------------

----------------------------------------
----------------------------------------
Pass Single Test : [=>0,0]
if ( endIndex < 3 ) { 
Time : 18/10/24 10:49
----------------------------------------
Timeout time : 18/10/24 10:50
