=================================================
Project : closure_100	start : 18/10/31 17:29
Current failed test : com.google.javascript.jscomp.CheckGlobalThisTest::testInnerFunction3 | 18/10/31 17:29
Timeout time : 18/10/31 17:32
Current failed test : com.google.javascript.jscomp.CheckGlobalThisTest::testInnerFunction2 | 18/10/31 17:32
Timeout time : 18/10/31 17:36
Current failed test : com.google.javascript.jscomp.CheckGlobalThisTest::testInnerFunction1 | 18/10/31 17:36
Timeout time : 18/10/31 17:39
Current failed test : com.google.javascript.jscomp.CheckGlobalThisTest::testGlobalThis7 | 18/10/31 17:39
Timeout time : 18/10/31 17:42
Current failed test : com.google.javascript.jscomp.CheckGlobalThisTest::testStaticFunction8 | 18/10/31 17:42
Timeout time : 18/10/31 17:45
Current failed test : com.google.javascript.jscomp.CheckGlobalThisTest::testStaticFunction7 | 18/10/31 17:45
Timeout time : 18/10/31 17:48
Current failed test : com.google.javascript.jscomp.CheckGlobalThisTest::testStaticFunction6 | 18/10/31 17:48
Timeout time : 18/10/31 17:51
Current failed test : com.google.javascript.jscomp.CheckGlobalThisTest::testStaticMethod2 | 18/10/31 17:51
Timeout time : 18/10/31 17:55
Current failed test : com.google.javascript.jscomp.CheckGlobalThisTest::testStaticMethod3 | 18/10/31 17:55
Timeout time : 18/10/31 17:58
