=================================================
Project : closure_122	start : 18/11/01 09:39
Current failed test : com.google.javascript.jscomp.parsing.ParserTest::testSuspiciousBlockCommentWarning3 | 18/11/01 09:39

----------------------------------------
----------------------------------------
Pass Single Test : [=>0,0]
if ( comment . getValue ( ) . indexOf ( "/* @" ) == - 1 || comment . getValue ( ) . indexOf ( "\n * @" ) != - 1 ) { 
Time : 18/11/01 09:47
----------------------------------------

----------------------------------------
----------------------------------------
Pass Single Test : [=>0,0]
if ( comment . getValue ( ) . indexOf ( "/* @" ) != - 2 || comment . getValue ( ) . indexOf ( "\n * @" ) != - 1 ) { 
Time : 18/11/01 09:49
----------------------------------------

----------------------------------------
----------------------------------------
Pass Single Test : [=>0,0]
if ( comment . getValue ( ) . indexOf ( "/* @" ) != - 0 || comment . getValue ( ) . indexOf ( "\n * @" ) != - 1 ) { 
Time : 18/11/01 09:52
----------------------------------------

----------------------------------------
----------------------------------------
Pass Single Test : [=>0,0]
if ( comment . getValue ( ) . indexOf ( "/* @" ) != - 3 || comment . getValue ( ) . indexOf ( "\n * @" ) != - 1 ) { 
Time : 18/11/01 09:54
----------------------------------------

----------------------------------------
----------------------------------------
Pass Single Test : [=>0,0]
if ( comment . getValue ( ) . indexOf ( "/* @" ) != - 1 || comment . getValue ( ) . indexOf ( "\n * @" ) == - 1 ) { 
Time : 18/11/01 10:00
----------------------------------------

----------------------------------------
----------------------------------------
Pass Single Test : [=>0,0]
if ( comment . getValue ( ) . indexOf ( "/* @" ) != - 1 || comment . getValue ( ) . indexOf ( "\n * @" ) != - 2 ) { 
Time : 18/11/01 10:02
----------------------------------------

----------------------------------------
----------------------------------------
Pass Single Test : [=>0,0]
if ( comment . getValue ( ) . indexOf ( "/* @" ) != - 1 || comment . getValue ( ) . indexOf ( "\n * @" ) != - 0 ) { 
Time : 18/11/01 10:05
----------------------------------------

----------------------------------------
----------------------------------------
Pass Single Test : [=>0,0]
if ( comment . getValue ( ) . indexOf ( "/* @" ) != - 1 || comment . getValue ( ) . indexOf ( "\n * @" ) != - 3 ) { 
Time : 18/11/01 10:07
----------------------------------------
Timeout time : 18/11/01 10:10
