=================================================
Project : closure_125	start : 18/11/01 07:54
Current failed test : com.google.javascript.jscomp.TypeCheckTest::testIssue1002 | 18/11/01 07:54

----------------------------------------
----------------------------------------
Pass Single Test : [=>0,0]
return thatType . toMaybeFunctionType ( ) . supAndInfHelper ( 
Time : 18/11/01 07:55
----------------------------------------

----------------------------------------
----------------------------------------
Pass Single Test : [=>0,0]
return caseEquality ( condition , blindScope , SHNE ) ; 
Time : 18/11/01 08:12
----------------------------------------

----------------------------------------
----------------------------------------
Pass Single Test : [=>0,0]
return caseEquality ( condition , blindScope , EQ ) ; 
Time : 18/11/01 08:14
----------------------------------------

----------------------------------------
----------------------------------------
Pass Single Test : [=>0,0]
return caseEquality ( condition , blindScope , NE ) ; 
Time : 18/11/01 08:17
----------------------------------------
Timeout time : 18/11/01 08:31
