=================================================
Project : closure_17	start : 18/10/29 18:17
Current failed test : com.google.javascript.jscomp.TypeCheckTest::testIssue688 | 18/10/29 18:17

----------------------------------------
----------------------------------------
Pass Single Test : [=>0,0]
return lValue . getJSType ( ) ; 
Time : 18/10/29 18:30
----------------------------------------

----------------------------------------
----------------------------------------
Pass Single Test : [=>0,0]
if ( lValue . getJSType ( ) != null && ! rValue . getJSType ( ) . isUnknownType ( ) ) { 
Time : 18/10/29 18:39
----------------------------------------

----------------------------------------
----------------------------------------
Pass Single Test : [=>0,0]
if ( rValue . getJSType ( ) == null && ! rValue . getJSType ( ) . isUnknownType ( ) ) { 
Time : 18/10/29 18:44
----------------------------------------

----------------------------------------
----------------------------------------
Pass Single Test : [=>0,0]
if ( rValue . getJSType ( ) != null && ! rValue . getJSType ( ) . isObject ( ) ) { 
Time : 18/10/29 18:54
----------------------------------------
Timeout time : 18/10/29 18:56
