=================================================
Project : closure_33	start : 18/10/30 05:16
Current failed test : com.google.javascript.jscomp.TypeCheckTest::testIssue700 | 18/10/30 05:16

----------------------------------------
----------------------------------------
Pass Single Test : [=>0,0]
return true ; 
Time : 18/10/30 05:16
----------------------------------------

----------------------------------------
----------------------------------------
Pass Single Test : [=>0,0]
typeToInfer = getNativeType ( JSTypeNative . NO_TYPE ) 
Time : 18/10/30 05:27
----------------------------------------

----------------------------------------
----------------------------------------
Pass Single Test : [=>0,0]
typeToInfer = getNativeType ( JSTypeNative . STRING_TYPE ) 
Time : 18/10/30 05:29
----------------------------------------

----------------------------------------
----------------------------------------
Pass Single Test : [=>0,0]
typeToInfer = getNativeType ( JSTypeNative . UNKNOWN_TYPE ) 
Time : 18/10/30 05:33
----------------------------------------
Timeout time : 18/10/30 05:50
