=================================================
Project : closure_46	start : 18/10/30 10:34
Current failed test : com.google.javascript.rhino.jstype.JSTypeTest::testRecordTypeLeastSuperType2 | 18/10/30 10:34

----------------------------------------
----------------------------------------
Pass Single Test : [=>0,0]
if ( ! that . isNominalType ( ) ) { 
Time : 18/10/30 10:57
----------------------------------------

----------------------------------------
----------------------------------------
Pass Single Test : [=>0,0]
if ( ! that . isEmptyType ( ) ) { 
Time : 18/10/30 10:59
----------------------------------------

----------------------------------------
----------------------------------------
Pass Single Test : [=>0,0]
if ( ! that . isNoType ( ) ) { 
Time : 18/10/30 11:01
----------------------------------------

----------------------------------------
----------------------------------------
Pass Single Test : [=>0,0]
if ( ! that . isOrdinaryFunction ( ) ) { 
Time : 18/10/30 11:03
----------------------------------------

----------------------------------------
----------------------------------------
Pass Single Test : [=>0,0]
if ( ! that . isNoResolvedType ( ) ) { 
Time : 18/10/30 11:05
----------------------------------------

----------------------------------------
----------------------------------------
Pass Single Test : [=>0,0]
if ( ! that . isUnionType ( ) ) { 
Time : 18/10/30 11:07
----------------------------------------

----------------------------------------
----------------------------------------
Pass Single Test : [=>0,0]
if ( ! that . isFunctionType ( ) ) { 
Time : 18/10/30 11:09
----------------------------------------

----------------------------------------
----------------------------------------
Pass Single Test : [=>0,0]
if ( ! that . isUnknownType ( ) ) { 
Time : 18/10/30 11:11
----------------------------------------
Timeout time : 18/10/30 11:13
