=================================================
Project : closure_49	start : 18/10/30 14:28
Current failed test : com.google.javascript.jscomp.InlineFunctionsTest::testMethodWithFunctionWithFunction | 18/10/30 14:34
Timeout time : 18/10/30 14:34
Current failed test : com.google.javascript.jscomp.FunctionToBlockMutatorTest::testMutate8 | 18/10/30 14:34
Timeout time : 18/10/30 14:34
Current failed test : com.google.javascript.jscomp.FunctionInjectorTest::testBug1897706 | 18/10/30 14:34
Timeout time : 18/10/30 14:34
Current failed test : com.google.javascript.jscomp.InlineFunctionsTest::testCostBasedInlining11 | 18/10/30 14:34
Timeout time : 18/10/30 14:34
Current failed test : com.google.javascript.jscomp.InlineFunctionsTest::testInlineFunctions15d | 18/10/30 14:34
Timeout time : 18/10/30 14:34
Current failed test : com.google.javascript.jscomp.InlineFunctionsTest::testInlineFunctions15b | 18/10/30 14:34
Timeout time : 18/10/30 14:34
Current failed test : com.google.javascript.jscomp.InlineFunctionsTest::testNoInlineIfParametersModified7 | 18/10/30 14:34
Timeout time : 18/10/30 14:34
Current failed test : com.google.javascript.jscomp.InlineFunctionsTest::testNoInlineIfParametersModified5 | 18/10/30 14:34
Timeout time : 18/10/30 14:34
Current failed test : com.google.javascript.jscomp.InlineFunctionsTest::testNoInlineIfParametersModified6 | 18/10/30 14:34
Timeout time : 18/10/30 14:34
Current failed test : com.google.javascript.jscomp.InlineFunctionsTest::testNoInlineIfParametersModified3 | 18/10/30 14:34
Timeout time : 18/10/30 14:34
Current failed test : com.google.javascript.jscomp.InlineFunctionsTest::testNoInlineIfParametersModified4 | 18/10/30 14:34
Timeout time : 18/10/30 14:34
Current failed test : com.google.javascript.jscomp.InlineFunctionsTest::testShadowVariables1 | 18/10/30 14:34
Timeout time : 18/10/30 14:34
Current failed test : com.google.javascript.jscomp.InlineFunctionsTest::testDecomposeFunctionExpressionInCall | 18/10/30 14:34
Timeout time : 18/10/30 14:34
Current failed test : com.google.javascript.jscomp.InlineFunctionsTest::testInlineFunctions9 | 18/10/30 14:34
Timeout time : 18/10/30 14:34
Current failed test : com.google.javascript.jscomp.InlineFunctionsTest::testMixedModeInliningCosting3 | 18/10/30 14:34
Timeout time : 18/10/30 14:34
Current failed test : com.google.javascript.jscomp.InlineFunctionsTest::testShadowVariables3 | 18/10/30 14:34
Timeout time : 18/10/30 14:34
Current failed test : com.google.javascript.jscomp.InlineFunctionsTest::testInlineNeverMutateConstants | 18/10/30 14:34
Timeout time : 18/10/30 14:34
Current failed test : com.google.javascript.jscomp.InlineFunctionsTest::testComplexFunctionWithFunctionDefinition3 | 18/10/30 14:34
Timeout time : 18/10/30 14:34
Current failed test : com.google.javascript.jscomp.InlineFunctionsTest::testShadowVariables6 | 18/10/30 14:34
Timeout time : 18/10/30 14:34
Current failed test : com.google.javascript.jscomp.InlineFunctionsTest::testComplexFunctionWithFunctionDefinition2 | 18/10/30 14:34
Timeout time : 18/10/30 14:34
Current failed test : com.google.javascript.jscomp.InlineFunctionsTest::testShadowVariables7 | 18/10/30 14:34
Timeout time : 18/10/30 14:34
Current failed test : com.google.javascript.jscomp.InlineFunctionsTest::testInlineNeverOverrideNewValues | 18/10/30 14:34
Timeout time : 18/10/30 14:34
Current failed test : com.google.javascript.jscomp.FunctionToBlockMutatorTest::testMutateCallInLoopVars1 | 18/10/30 14:34
Timeout time : 18/10/30 14:34
Current failed test : com.google.javascript.jscomp.InlineFunctionsTest::testCostBasedInlining9 | 18/10/30 14:34
Timeout time : 18/10/30 14:34
Current failed test : com.google.javascript.jscomp.InlineFunctionsTest::testComplexFunctionWithFunctionDefinition2a | 18/10/30 14:34
Timeout time : 18/10/30 14:34
Current failed test : com.google.javascript.jscomp.InlineFunctionsTest::testLoopWithFunctionWithFunction | 18/10/30 14:34
Timeout time : 18/10/30 14:34
Current failed test : com.google.javascript.jscomp.InlineFunctionsTest::testInlineFunctions23 | 18/10/30 14:34
Timeout time : 18/10/30 14:34
Current failed test : com.google.javascript.jscomp.InlineFunctionsTest::testInlineBlockMutableArgs1 | 18/10/30 14:34
Timeout time : 18/10/30 14:34
Current failed test : com.google.javascript.jscomp.InlineFunctionsTest::testInlineFunctions22 | 18/10/30 14:34
Timeout time : 18/10/30 14:34
Current failed test : com.google.javascript.jscomp.InlineFunctionsTest::testInlineBlockMutableArgs2 | 18/10/30 14:34
Timeout time : 18/10/30 14:34
Current failed test : com.google.javascript.jscomp.InlineFunctionsTest::testInlineBlockMutableArgs3 | 18/10/30 14:34
Timeout time : 18/10/30 14:34
Current failed test : com.google.javascript.jscomp.InlineFunctionsTest::testInlineBlockMutableArgs4 | 18/10/30 14:34
Timeout time : 18/10/30 14:34
Current failed test : com.google.javascript.jscomp.InlineFunctionsTest::testComplexSample | 18/10/30 14:34
Timeout time : 18/10/30 14:34
Current failed test : com.google.javascript.jscomp.FunctionToBlockMutatorTest::testMutateWithParameters3 | 18/10/30 14:34
Timeout time : 18/10/30 14:35
Current failed test : com.google.javascript.jscomp.FunctionInjectorTest::testInlineIntoLoop | 18/10/30 14:35
Timeout time : 18/10/30 14:35
Current failed test : com.google.javascript.jscomp.InlineFunctionsTest::testIssue423 | 18/10/30 14:35
Timeout time : 18/10/30 14:35
Current failed test : com.google.javascript.jscomp.InlineFunctionsTest::testAnonymous3 | 18/10/30 14:35
Timeout time : 18/10/30 14:35
Current failed test : com.google.javascript.jscomp.InlineFunctionsTest::testComplexInlineVars7 | 18/10/30 14:35
Timeout time : 18/10/30 14:35
Current failed test : com.google.javascript.jscomp.InlineFunctionsTest::testAnonymous1 | 18/10/30 14:35
Timeout time : 18/10/30 14:35
Current failed test : com.google.javascript.jscomp.InlineFunctionsTest::testFunctionExpressionYCombinator | 18/10/30 14:35
Timeout time : 18/10/30 14:35
Current failed test : com.google.javascript.jscomp.FunctionInjectorTest::testInline13 | 18/10/30 14:35
Timeout time : 18/10/30 14:35
Current failed test : com.google.javascript.jscomp.FunctionInjectorTest::testInline14 | 18/10/30 14:35
Timeout time : 18/10/30 14:35
Current failed test : com.google.javascript.jscomp.FunctionInjectorTest::testInline15 | 18/10/30 14:35
Timeout time : 18/10/30 14:35
Current failed test : com.google.javascript.jscomp.FunctionInjectorTest::testInline16 | 18/10/30 14:35
Timeout time : 18/10/30 14:35
Current failed test : com.google.javascript.jscomp.FunctionInjectorTest::testInline17 | 18/10/30 14:35
Timeout time : 18/10/30 14:35
Current failed test : com.google.javascript.jscomp.FunctionInjectorTest::testInline18 | 18/10/30 14:35
Timeout time : 18/10/30 14:35
Current failed test : com.google.javascript.jscomp.FunctionInjectorTest::testInline19 | 18/10/30 14:35
Timeout time : 18/10/30 14:35
Current failed test : com.google.javascript.jscomp.InlineFunctionsTest::testFunctionExpressionCallInlining11b | 18/10/30 14:35
Timeout time : 18/10/30 14:35
Current failed test : com.google.javascript.jscomp.InlineFunctionsTest::testInlineWithThis7 | 18/10/30 14:35
Timeout time : 18/10/30 14:35
Current failed test : com.google.javascript.jscomp.InlineFunctionsTest::testComplexInlineNoResultNoParamCall3 | 18/10/30 14:35
Timeout time : 18/10/30 14:35
Current failed test : com.google.javascript.jscomp.InlineFunctionsTest::testInlineFunctions10 | 18/10/30 14:35
Timeout time : 18/10/30 14:35
Current failed test : com.google.javascript.jscomp.InlineFunctionsTest::testInlineFunctions13 | 18/10/30 14:35
Timeout time : 18/10/30 14:35
Current failed test : com.google.javascript.jscomp.FunctionToBlockMutatorTest::testMutateFunctionDefinition | 18/10/30 14:35
Timeout time : 18/10/30 14:35
Current failed test : com.google.javascript.jscomp.InlineFunctionsTest::testNoInlineIfParametersModified2 | 18/10/30 14:35
Timeout time : 18/10/30 14:35
Current failed test : com.google.javascript.jscomp.InlineFunctionsTest::testNoInlineIfParametersModified1 | 18/10/30 14:35
Timeout time : 18/10/30 14:35
Current failed test : com.google.javascript.jscomp.InlineFunctionsTest::testBug4944818 | 18/10/30 14:35
Timeout time : 18/10/30 14:35
Current failed test : com.google.javascript.jscomp.InlineFunctionsTest::testInlineFunctions16a | 18/10/30 14:35
Timeout time : 18/10/30 14:35
Current failed test : com.google.javascript.jscomp.InlineFunctionsTest::testShadowVariables18 | 18/10/30 14:35
Timeout time : 18/10/30 14:35
Current failed test : com.google.javascript.jscomp.InlineFunctionsTest::testShadowVariables16 | 18/10/30 14:35
Timeout time : 18/10/30 14:35
Current failed test : com.google.javascript.jscomp.MakeDeclaredNamesUniqueTest::testMakeLocalNamesUniqueWithContext5 | 18/10/30 14:35
Timeout time : 18/10/30 14:35
Current failed test : com.google.javascript.jscomp.FunctionInjectorTest::testInline19b | 18/10/30 14:35
Timeout time : 18/10/30 14:35
Current failed test : com.google.javascript.jscomp.InlineFunctionsTest::testFunctionExpressionOmega | 18/10/30 14:35
Timeout time : 18/10/30 14:35
Current failed test : com.google.javascript.jscomp.FunctionInjectorTest::testInlineFunctionWithInnerFunction5 | 18/10/30 14:35
Timeout time : 18/10/30 14:35
Current failed test : com.google.javascript.jscomp.FunctionToBlockMutatorTest::testMutateInitializeUninitializedVars1 | 18/10/30 14:35
Timeout time : 18/10/30 14:35
Current failed test : com.google.javascript.jscomp.FunctionToBlockMutatorTest::testMutateInitializeUninitializedVars2 | 18/10/30 14:35
Timeout time : 18/10/30 14:35
Current failed test : com.google.javascript.jscomp.InlineFunctionsTest::testComplexInline7 | 18/10/30 14:35
Timeout time : 18/10/30 14:35
