=================================================
Project : math_105	start : 18/10/27 06:19
Current failed test : org.apache.commons.math.stat.regression.SimpleRegressionTest::testSSENonNegative | 18/10/27 06:19

----------------------------------------
----------------------------------------
Pass Single Test : [=>0,0]
private double sumXX = 2d ; 
Time : 18/10/27 06:23
----------------------------------------

----------------------------------------
----------------------------------------
Pass Single Test : [=>0,0]
private double sumXX = 1d ; 
Time : 18/10/27 06:23
----------------------------------------

----------------------------------------
----------------------------------------
Pass Single Test : [=>0,0]
private double sumYY = 2d ; 
Time : 18/10/27 06:26
----------------------------------------

----------------------------------------
----------------------------------------
Pass Single Test : [=>0,0]
private double sumYY = 1d ; 
Time : 18/10/27 06:27
----------------------------------------

----------------------------------------
----------------------------------------
Pass Single Test : [=>0,0]
private long n = 1 ; 
Time : 18/10/27 06:29
----------------------------------------

----------------------------------------
----------------------------------------
Pass Single Test : [=>0,0]
if ( n == 1 ) { 
Time : 18/10/27 06:33
----------------------------------------

----------------------------------------
----------------------------------------
Pass Single Test : [=>0,0]
ybar = x ; 
Time : 18/10/27 06:34
----------------------------------------

----------------------------------------
----------------------------------------
Pass Single Test : [=>0,0]
sumXX = x ; 
Time : 18/10/27 06:35
----------------------------------------

----------------------------------------
----------------------------------------
Pass Single Test : [=>0,0]
sumYY = x ; 
Time : 18/10/27 06:35
----------------------------------------

----------------------------------------
----------------------------------------
Pass Single Test : [=>0,0]
sumX = x ; 
Time : 18/10/27 06:35
----------------------------------------

----------------------------------------
----------------------------------------
Pass Single Test : [=>0,0]
sumY = x ; 
Time : 18/10/27 06:35
----------------------------------------

----------------------------------------
----------------------------------------
Pass Single Test : [=>0,0]
xbar = y ; 
Time : 18/10/27 06:36
----------------------------------------

----------------------------------------
----------------------------------------
Pass Single Test : [=>0,0]
xbar = x = 
Time : 18/10/27 06:37
----------------------------------------

----------------------------------------
----------------------------------------
Pass Single Test : [=>0,0]
xbar = y ; 
Time : 18/10/27 06:37
----------------------------------------

----------------------------------------
----------------------------------------
Pass Single Test : [=>0,0]
sumXX = y ; 
Time : 18/10/27 06:38
----------------------------------------

----------------------------------------
----------------------------------------
Pass Single Test : [=>0,0]
sumYY = y ; 
Time : 18/10/27 06:38
----------------------------------------

----------------------------------------
----------------------------------------
Pass Single Test : [=>0,0]
sumX = y ; 
Time : 18/10/27 06:38
----------------------------------------

----------------------------------------
----------------------------------------
Pass Single Test : [=>0,0]
sumY = y ; 
Time : 18/10/27 06:38
----------------------------------------

----------------------------------------
----------------------------------------
Pass Single Test : [=>0,0]
ybar = x ; 
Time : 18/10/27 06:39
----------------------------------------

----------------------------------------
----------------------------------------
Pass Single Test : [=>0,0]
double dx = y - xbar ; 
Time : 18/10/27 06:40
----------------------------------------

----------------------------------------
----------------------------------------
Pass Single Test : [=>0,0]
double dx = x + xbar ; 
Time : 18/10/27 06:41
----------------------------------------

----------------------------------------
----------------------------------------
Pass Single Test : [=>0,0]
double dx = x - ybar ; 
Time : 18/10/27 06:41
----------------------------------------

----------------------------------------
----------------------------------------
Pass Single Test : [=>0,0]
double dx = x - sumXY ; 
Time : 18/10/27 06:41
----------------------------------------

----------------------------------------
----------------------------------------
Pass Single Test : [=>0,0]
double dx = x - sumXX ; 
Time : 18/10/27 06:42
----------------------------------------

----------------------------------------
----------------------------------------
Pass Single Test : [=>0,0]
double dx = x - sumYY ; 
Time : 18/10/27 06:42
----------------------------------------

----------------------------------------
----------------------------------------
Pass Single Test : [=>0,0]
double dx = x - sumX ; 
Time : 18/10/27 06:42
----------------------------------------

----------------------------------------
----------------------------------------
Pass Single Test : [=>0,0]
double dx = x - sumY ; 
Time : 18/10/27 06:43
----------------------------------------

----------------------------------------
----------------------------------------
Pass Single Test : [=>0,0]
double dy = x - ybar ; 
Time : 18/10/27 06:44
----------------------------------------

----------------------------------------
----------------------------------------
Pass Single Test : [=>0,0]
double dy = y + ybar ; 
Time : 18/10/27 06:44
----------------------------------------

----------------------------------------
----------------------------------------
Pass Single Test : [=>0,0]
double dy = y - xbar ; 
Time : 18/10/27 06:45
----------------------------------------

----------------------------------------
----------------------------------------
Pass Single Test : [=>0,0]
double dy = y - sumXY ; 
Time : 18/10/27 06:45
----------------------------------------

----------------------------------------
----------------------------------------
Pass Single Test : [=>0,0]
double dy = y - sumXX ; 
Time : 18/10/27 06:45
----------------------------------------

----------------------------------------
----------------------------------------
Pass Single Test : [=>0,0]
double dy = y - sumYY ; 
Time : 18/10/27 06:46
----------------------------------------

----------------------------------------
----------------------------------------
Pass Single Test : [=>0,0]
double dy = y - sumX ; 
Time : 18/10/27 06:46
----------------------------------------

----------------------------------------
----------------------------------------
Pass Single Test : [=>0,0]
double dy = y - sumY ; 
Time : 18/10/27 06:46
----------------------------------------

----------------------------------------
----------------------------------------
Pass Single Test : [=>0,0]
double dy = y - dx ; 
Time : 18/10/27 06:47
----------------------------------------

----------------------------------------
----------------------------------------
Pass Single Test : [=>0,0]
sumXX -= dx * dx * ( double ) n / ( double ) ( n + 1.0 ) ; 
Time : 18/10/27 06:49
----------------------------------------

----------------------------------------
----------------------------------------
Pass Single Test : [=>0,0]
sumXX += dy * dx * ( double ) n / ( double ) ( n + 1.0 ) ; 
Time : 18/10/27 06:49
----------------------------------------

----------------------------------------
----------------------------------------
Pass Single Test : [=>0,0]
sumXX += ybar * dx * ( double ) n / ( double ) ( n + 1.0 ) ; 
Time : 18/10/27 06:49
----------------------------------------

----------------------------------------
----------------------------------------
Pass Single Test : [=>0,0]
sumXX += xbar * dx * ( double ) n / ( double ) ( n + 1.0 ) ; 
Time : 18/10/27 06:50
----------------------------------------

----------------------------------------
----------------------------------------
Pass Single Test : [=>0,0]
sumXX += sumXY * dx * ( double ) n / ( double ) ( n + 1.0 ) ; 
Time : 18/10/27 06:50
----------------------------------------

----------------------------------------
----------------------------------------
Pass Single Test : [=>0,0]
sumXX += dx / dx * ( double ) n / ( double ) ( n + 1.0 ) ; 
Time : 18/10/27 06:51
----------------------------------------

----------------------------------------
----------------------------------------
Pass Single Test : [=>0,0]
sumXX += dx + dx * ( double ) n / ( double ) ( n + 1.0 ) ; 
Time : 18/10/27 06:51
----------------------------------------

----------------------------------------
----------------------------------------
Pass Single Test : [=>0,0]
sumXX += dx * dy * ( double ) n / ( double ) ( n + 1.0 ) ; 
Time : 18/10/27 06:51
----------------------------------------

----------------------------------------
----------------------------------------
Pass Single Test : [=>0,0]
sumXX += dx * ybar * ( double ) n / ( double ) ( n + 1.0 ) ; 
Time : 18/10/27 06:52
----------------------------------------

----------------------------------------
----------------------------------------
Pass Single Test : [=>0,0]
sumXX += dx * xbar * ( double ) n / ( double ) ( n + 1.0 ) ; 
Time : 18/10/27 06:52
----------------------------------------

----------------------------------------
----------------------------------------
Pass Single Test : [=>0,0]
sumXX += dx * sumXY * ( double ) n / ( double ) ( n + 1.0 ) ; 
Time : 18/10/27 06:52
----------------------------------------

----------------------------------------
----------------------------------------
Pass Single Test : [=>0,0]
sumXX += dx * dx + ( double ) n / ( double ) ( n + 1.0 ) ; 
Time : 18/10/27 06:53
----------------------------------------

----------------------------------------
----------------------------------------
Pass Single Test : [=>0,0]
sumXX += dx * dx * ( double ) n * ( double ) ( n + 1.0 ) ; 
Time : 18/10/27 06:53
----------------------------------------

----------------------------------------
----------------------------------------
Pass Single Test : [=>0,0]
sumXX += dx * dx * ( double ) n / ( double ) ( n * 1.0 ) ; 
Time : 18/10/27 06:54
----------------------------------------

----------------------------------------
----------------------------------------
Pass Single Test : [=>0,0]
sumXX += dx * dx * ( double ) n / ( double ) ( n - 1.0 ) ; 
Time : 18/10/27 06:55
----------------------------------------

----------------------------------------
----------------------------------------
Pass Single Test : [=>0,0]
sumXX += dx * dx * ( double ) n / ( double ) ( n + 0.0 ) ; 
Time : 18/10/27 06:55
----------------------------------------
Timeout time : 18/10/27 06:56
