=================================================
Project : math_22	start : 18/10/23 09:31
Current failed test : org.apache.commons.math3.distribution.FDistributionTest::testIsSupportLowerBoundInclusive | 18/10/23 09:32
=================================================
Project : math_22	start : 18/10/23 09:34
Current failed test : org.apache.commons.math3.distribution.FDistributionTest::testIsSupportLowerBoundInclusive | 18/10/23 09:34
=================================================
Project : math_22	start : 18/10/23 09:36
Current failed test : org.apache.commons.math3.distribution.FDistributionTest::testIsSupportLowerBoundInclusive | 18/10/23 09:37
=================================================
Project : math_22	start : 18/10/23 09:37
Current failed test : org.apache.commons.math3.distribution.FDistributionTest::testIsSupportLowerBoundInclusive | 18/10/23 09:38
=================================================
Project : math_22	start : 18/10/23 09:42
=================================================
Project : math_22	start : 18/10/23 09:43
Current failed test : org.apache.commons.math3.distribution.FDistributionTest::testIsSupportLowerBoundInclusive | 18/10/23 09:46
=================================================
Project : math_22	start : 18/10/23 09:48
Current failed test : org.apache.commons.math3.distribution.FDistributionTest::testIsSupportLowerBoundInclusive | 18/10/23 09:48
=================================================
Project : math_22	start : 18/10/23 09:49
Current failed test : org.apache.commons.math3.distribution.FDistributionTest::testIsSupportLowerBoundInclusive | 18/10/23 09:49
Failed time : 18/10/23 09:51
Current failed test : org.apache.commons.math3.distribution.UniformRealDistributionTest::testIsSupportUpperBoundInclusive | 18/10/23 09:51
Failed time : 18/10/23 09:52
=================================================
Project : math_22	start : 18/10/23 09:57
Current failed test : org.apache.commons.math3.distribution.FDistributionTest::testIsSupportLowerBoundInclusive | 18/10/23 09:57
=================================================
Project : math_22	start : 18/10/23 10:03
Current failed test : org.apache.commons.math3.distribution.FDistributionTest::testIsSupportLowerBoundInclusive | 18/10/23 10:04
Failed time : 18/10/23 10:04
Current failed test : org.apache.commons.math3.distribution.UniformRealDistributionTest::testIsSupportUpperBoundInclusive | 18/10/23 10:04
Failed time : 18/10/23 10:04
=================================================
Project : math_22	start : 18/10/23 10:06
Current failed test : org.apache.commons.math3.distribution.FDistributionTest::testIsSupportLowerBoundInclusive | 18/10/23 10:06
Failed time : 18/10/23 10:06
Current failed test : org.apache.commons.math3.distribution.UniformRealDistributionTest::testIsSupportUpperBoundInclusive | 18/10/23 10:06
Failed time : 18/10/23 10:06
=================================================
Project : math_22	start : 18/10/23 10:10
Current failed test : org.apache.commons.math3.distribution.FDistributionTest::testIsSupportLowerBoundInclusive | 18/10/23 10:11
Failed time : 18/10/23 10:11
Current failed test : org.apache.commons.math3.distribution.UniformRealDistributionTest::testIsSupportUpperBoundInclusive | 18/10/23 10:11
Failed time : 18/10/23 10:11
=================================================
Project : math_22	start : 18/10/23 10:14
Current failed test : org.apache.commons.math3.distribution.FDistributionTest::testIsSupportLowerBoundInclusive | 18/10/23 10:14
Failed time : 18/10/23 10:14
Current failed test : org.apache.commons.math3.distribution.UniformRealDistributionTest::testIsSupportUpperBoundInclusive | 18/10/23 10:14
Failed time : 18/10/23 10:14
=================================================
Project : math_22	start : 18/10/23 10:15
Current failed test : org.apache.commons.math3.distribution.FDistributionTest::testIsSupportLowerBoundInclusive | 18/10/23 10:16
Failed time : 18/10/23 10:16
Current failed test : org.apache.commons.math3.distribution.UniformRealDistributionTest::testIsSupportUpperBoundInclusive | 18/10/23 10:16
Failed time : 18/10/23 10:16
=================================================
Project : math_22	start : 18/10/23 10:29
Current failed test : org.apache.commons.math3.distribution.FDistributionTest::testIsSupportLowerBoundInclusive | 18/10/23 10:29

----------------------------------------
----------------------------------------
Pass Single Test : [=>0,0]
return false ; 
Time : 18/10/23 10:31
----------------------------------------
=================================================
Project : math_22	start : 18/10/25 09:21
Current failed test : org.apache.commons.math3.distribution.FDistributionTest::testIsSupportLowerBoundInclusive | 18/10/25 09:22

----------------------------------------
----------------------------------------
Pass Single Test : [=>0,0]
return false ; 
Time : 18/10/25 09:22
----------------------------------------

----------------------------------------
----------------------------------------
Pass Single Test : [=>0,0]
final double logx = FastMath . sinh ( x ) ; 
Time : 18/10/25 09:36
----------------------------------------

----------------------------------------
----------------------------------------
Pass Single Test : [=>0,0]
final double logx = FastMath . cosh ( x ) ; 
Time : 18/10/25 09:38
----------------------------------------

----------------------------------------
----------------------------------------
Pass Single Test : [=>0,0]
final double logx = FastMath . log1p ( x ) ; 
Time : 18/10/25 09:39
----------------------------------------

----------------------------------------
----------------------------------------
Pass Single Test : [=>0,0]
final double logx = FastMath . tanh ( x ) ; 
Time : 18/10/25 09:41
----------------------------------------

----------------------------------------
----------------------------------------
Pass Single Test : [=>0,0]
final double logx = FastMath . ceil ( x ) ; 
Time : 18/10/25 09:42
----------------------------------------

----------------------------------------
----------------------------------------
Pass Single Test : [=>0,0]
final double logx = FastMath . floor ( x ) ; 
Time : 18/10/25 09:44
----------------------------------------

----------------------------------------
----------------------------------------
Pass Single Test : [=>0,0]
final double logx = FastMath . atan ( x ) ; 
Time : 18/10/25 09:46
----------------------------------------

----------------------------------------
----------------------------------------
Pass Single Test : [=>0,0]
final double logx = FastMath . tan ( x ) ; 
Time : 18/10/25 09:47
----------------------------------------

----------------------------------------
----------------------------------------
Pass Single Test : [=>0,0]
final double logx = FastMath . expm1 ( x ) ; 
Time : 18/10/25 09:49
----------------------------------------

----------------------------------------
----------------------------------------
Pass Single Test : [=>0,0]
final double logx = FastMath . cbrt ( x ) ; 
Time : 18/10/25 09:50
----------------------------------------
Timeout time : 18/10/25 09:52
Current failed test : org.apache.commons.math3.distribution.UniformRealDistributionTest::testIsSupportUpperBoundInclusive | 18/10/25 09:52

----------------------------------------
----------------------------------------
Pass Single Test : [=>0,0]
return true ; 
Time : 18/10/25 09:53
----------------------------------------
Timeout time : 18/10/25 10:07
