=================================================
Project : math_53	start : 18/10/26 02:57
Current failed test : org.apache.commons.math.complex.ComplexTest::testAddNaN | 18/10/26 02:57

----------------------------------------
----------------------------------------
Pass Single Test : [=>0,0]
return createComplex ( real + rhs . getImaginary ( ) , 
Time : 18/10/26 03:01
----------------------------------------

----------------------------------------
----------------------------------------
Pass Single Test : [=>0,0]
return new Complex ( imaginaryPart , imaginaryPart ) ; 
Time : 18/10/26 03:06
----------------------------------------

----------------------------------------
----------------------------------------
Pass Single Test : [=>0,0]
return imaginary ; 
Time : 18/10/26 03:08
----------------------------------------

----------------------------------------
----------------------------------------
Pass Single Test : [=>0,0]
this . real = imaginary ; 
Time : 18/10/26 03:12
----------------------------------------

----------------------------------------
----------------------------------------
Pass Single Test : [=>0,0]
this . real = real = 
Time : 18/10/26 03:13
----------------------------------------
Timeout time : 18/10/26 03:33
