=================================================
Project : math_54	start : 18/10/26 02:22
Current failed test : org.apache.commons.math.dfp.DfpTest::testIssue567_purify_1 | 18/10/26 02:23
Timeout time : 18/10/26 02:34
Current failed test : org.apache.commons.math.dfp.DfpTest::testIssue567_purify_2 | 18/10/26 02:34
Timeout time : 18/10/26 02:46
Current failed test : org.apache.commons.math.dfp.DfpTest::testIssue567_purify_4 | 18/10/26 02:46

----------------------------------------
----------------------------------------
Pass Single Test : [=>0,0]
buffer [ -- p ] = '-' ; 
Time : 18/10/26 02:48
----------------------------------------

----------------------------------------
----------------------------------------
Pass Single Test : [=>0,0]
buffer [ -- q ] = '0' ; 
Time : 18/10/26 02:49
----------------------------------------

----------------------------------------
----------------------------------------
Pass Single Test : [=>0,0]
buffer [ -- q ] = '9' ; 
Time : 18/10/26 02:50
----------------------------------------

----------------------------------------
----------------------------------------
Pass Single Test : [=>0,0]
buffer [ -- q ] = '1' ; 
Time : 18/10/26 02:51
----------------------------------------
Timeout time : 18/10/26 02:57
