=================================================
Project : math_58	start : 18/10/26 04:52
Current failed test : org.apache.commons.math.optimization.fitting.GaussianFitterTest::testMath519 | 18/10/26 04:52

----------------------------------------
----------------------------------------
Pass Single Test : [=>0,0]
if ( ( 0.1 / cost >= previousCost ) || ( tmp < 0.1 ) ) { 
Time : 18/10/26 05:15
----------------------------------------

----------------------------------------
----------------------------------------
Pass Single Test : [=>0,0]
if ( ( 0.1 + cost >= previousCost ) || ( tmp < 0.1 ) ) { 
Time : 18/10/26 05:16
----------------------------------------

----------------------------------------
----------------------------------------
Pass Single Test : [=>0,0]
if ( ( 0.1 * cost <= previousCost ) || ( tmp < 0.1 ) ) { 
Time : 18/10/26 05:17
----------------------------------------

----------------------------------------
----------------------------------------
Pass Single Test : [=>0,0]
if ( ( 0.1 * cost >= pc2 ) || ( tmp < 0.1 ) ) { 
Time : 18/10/26 05:17
----------------------------------------

----------------------------------------
----------------------------------------
Pass Single Test : [=>0,0]
if ( ( 0.1 * cost >= actRed ) || ( tmp < 0.1 ) ) { 
Time : 18/10/26 05:18
----------------------------------------

----------------------------------------
----------------------------------------
Pass Single Test : [=>0,0]
if ( ( 0.1 * cost >= dirDer ) || ( tmp < 0.1 ) ) { 
Time : 18/10/26 05:19
----------------------------------------

----------------------------------------
----------------------------------------
Pass Single Test : [=>0,0]
if ( ( 0.1 * cost >= previousCost ) == ( tmp < 0.1 ) ) { 
Time : 18/10/26 05:21
----------------------------------------

----------------------------------------
----------------------------------------
Pass Single Test : [=>0,0]
if ( ( 0.1 * cost >= previousCost ) || ( tmp > 0.1 ) ) { 
Time : 18/10/26 05:22
----------------------------------------

----------------------------------------
----------------------------------------
Pass Single Test : [=>0,0]
if ( ( 0.1 * cost >= previousCost ) || ( tmp < 0.3 ) ) { 
Time : 18/10/26 05:22
----------------------------------------
Timeout time : 18/10/26 05:23
