=================================================
Project : math_64	start : 18/10/26 10:18
Current failed test : org.apache.commons.math.optimization.general.MinpackTest::testMinpackFreudensteinRoth | 18/10/26 10:18
Timeout time : 18/10/26 10:38
Current failed test : org.apache.commons.math.optimization.general.MinpackTest::testMinpackJennrichSampson | 18/10/26 10:38

----------------------------------------
----------------------------------------
Pass Single Test : [=>0,0]
parl = Math . min ( paru , lmPar ) ; 
Time : 18/10/26 10:40
----------------------------------------

----------------------------------------
----------------------------------------
Pass Single Test : [=>0,0]
for ( int j = 1 ; j < solvedCols ; ++ j ) { 
Time : 18/10/26 10:45
----------------------------------------

----------------------------------------
----------------------------------------
Pass Single Test : [=>0,0]
for ( int j = 0 ; j < sPar ; ++ j ) { 
Time : 18/10/26 10:46
----------------------------------------

----------------------------------------
----------------------------------------
Pass Single Test : [=>0,0]
work2 [ pj ] = work3 [ pj ] * diag [ pj ] / dxNorm ; 
Time : 18/10/26 10:51
----------------------------------------

----------------------------------------
----------------------------------------
Pass Single Test : [=>0,0]
lmDir [ pj ] = work3 [ pj ] * diag [ pj ] / dxNorm ; 
Time : 18/10/26 10:52
----------------------------------------

----------------------------------------
----------------------------------------
Pass Single Test : [=>0,0]
work1 [ pj ] = work2 [ pj ] * diag [ pj ] / dxNorm ; 
Time : 18/10/26 10:54
----------------------------------------

----------------------------------------
----------------------------------------
Pass Single Test : [=>0,0]
work1 [ pj ] = work1 [ pj ] * diag [ pj ] / dxNorm ; 
Time : 18/10/26 10:55
----------------------------------------

----------------------------------------
----------------------------------------
Pass Single Test : [=>0,0]
work1 [ pj ] = qy [ pj ] * diag [ pj ] / dxNorm ; 
Time : 18/10/26 10:55
----------------------------------------

----------------------------------------
----------------------------------------
Pass Single Test : [=>0,0]
work1 [ pj ] = jacNorm [ pj ] * diag [ pj ] / dxNorm ; 
Time : 18/10/26 10:56
----------------------------------------

----------------------------------------
----------------------------------------
Pass Single Test : [=>0,0]
work1 [ pj ] = diagR [ pj ] * diag [ pj ] / dxNorm ; 
Time : 18/10/26 10:56
----------------------------------------

----------------------------------------
----------------------------------------
Pass Single Test : [=>0,0]
work1 [ pj ] = work3 [ pj ] + diag [ pj ] / dxNorm ; 
Time : 18/10/26 10:58
----------------------------------------

----------------------------------------
----------------------------------------
Pass Single Test : [=>0,0]
work1 [ pj ] = work3 [ pj ] * diag [ pj ] * dxNorm ; 
Time : 18/10/26 11:00
----------------------------------------

----------------------------------------
----------------------------------------
Pass Single Test : [=>0,0]
work1 [ pj ] = work3 [ pj ] * diag [ pj ] / sPar ; 
Time : 18/10/26 11:01
----------------------------------------

----------------------------------------
----------------------------------------
Pass Single Test : [=>0,0]
work1 [ pj ] = work3 [ pj ] * diag [ pj ] / gNorm ; 
Time : 18/10/26 11:01
----------------------------------------

----------------------------------------
----------------------------------------
Pass Single Test : [=>0,0]
work1 [ pj ] = work3 [ pj ] * diag [ pj ] / fp ; 
Time : 18/10/26 11:02
----------------------------------------

----------------------------------------
----------------------------------------
Pass Single Test : [=>0,0]
work1 [ pj ] = work3 [ pj ] * diag [ pj ] / parl ; 
Time : 18/10/26 11:02
----------------------------------------

----------------------------------------
----------------------------------------
Pass Single Test : [=>0,0]
work1 [ pj ] = work3 [ pj ] * diag [ pj ] / previousFP ; 
Time : 18/10/26 11:03
----------------------------------------

----------------------------------------
----------------------------------------
Pass Single Test : [=>0,0]
work1 [ pj ] = work3 [ pj ] * diag [ pj ] / pj ; 
Time : 18/10/26 11:04
----------------------------------------

----------------------------------------
----------------------------------------
Pass Single Test : [=>0,0]
work1 [ pj ] = work3 [ pj ] * diag [ pj ] / countdown ; 
Time : 18/10/26 11:04
----------------------------------------

----------------------------------------
----------------------------------------
Pass Single Test : [=>0,0]
work1 [ pj ] = work3 [ pj ] * diag [ pj ] / solvedCols ; 
Time : 18/10/26 11:05
----------------------------------------
Timeout time : 18/10/26 11:06
