=================================================
Project : math_68	start : 18/10/26 08:08
Current failed test : org.apache.commons.math.optimization.general.MinpackTest::testMinpackFreudensteinRoth | 18/10/26 08:08
Timeout time : 18/10/26 08:26
Current failed test : org.apache.commons.math.optimization.general.MinpackTest::testMinpackJennrichSampson | 18/10/26 08:26

----------------------------------------
----------------------------------------
Pass Single Test : [=>0,0]
tmp = 0.3 ; 
Time : 18/10/26 08:26
----------------------------------------

----------------------------------------
----------------------------------------
Pass Single Test : [=>0,0]
parl = Math . min ( paru , lmPar ) ; 
Time : 18/10/26 08:28
----------------------------------------

----------------------------------------
----------------------------------------
Pass Single Test : [=>0,0]
for ( int j = 1 ; j < solvedCols ; ++ j ) { 
Time : 18/10/26 08:33
----------------------------------------

----------------------------------------
----------------------------------------
Pass Single Test : [=>0,0]
for ( int j = 0 ; solvedCols < solvedCols ; ++ j ) { 
Time : 18/10/26 08:33
----------------------------------------

----------------------------------------
----------------------------------------
Pass Single Test : [=>0,0]
for ( int j = 0 ; j > solvedCols ; ++ j ) { 
Time : 18/10/26 08:34
----------------------------------------

----------------------------------------
----------------------------------------
Pass Single Test : [=>0,0]
for ( int j = 0 ; j < j ; ++ j ) { 
Time : 18/10/26 08:34
----------------------------------------

----------------------------------------
----------------------------------------
Pass Single Test : [=>0,0]
work3 [ pj ] *= diag [ pj ] / dxNorm ; 
Time : 18/10/26 08:40
----------------------------------------

----------------------------------------
----------------------------------------
Pass Single Test : [=>0,0]
work2 [ pj ] *= diag [ pj ] / dxNorm ; 
Time : 18/10/26 08:40
----------------------------------------

----------------------------------------
----------------------------------------
Pass Single Test : [=>0,0]
lmDir [ pj ] *= diag [ pj ] / dxNorm ; 
Time : 18/10/26 08:40
----------------------------------------

----------------------------------------
----------------------------------------
Pass Single Test : [=>0,0]
work1 [ pj ] -= diag [ pj ] / dxNorm ; 
Time : 18/10/26 08:42
----------------------------------------

----------------------------------------
----------------------------------------
Pass Single Test : [=>0,0]
work1 [ pj ] *= diag [ pj ] / fp ; 
Time : 18/10/26 08:44
----------------------------------------

----------------------------------------
----------------------------------------
Pass Single Test : [=>0,0]
work1 [ pj ] *= diag [ pj ] / parl ; 
Time : 18/10/26 08:44
----------------------------------------

----------------------------------------
----------------------------------------
Pass Single Test : [=>0,0]
work1 [ pj ] *= diag [ pj ] / pj ; 
Time : 18/10/26 08:45
----------------------------------------
Timeout time : 18/10/26 08:46
