=================================================
Project : math_69	start : 18/10/26 08:46
Current failed test : org.apache.commons.math.stat.correlation.PearsonsCorrelationTest::testPValueNearZero | 18/10/26 08:46

----------------------------------------
----------------------------------------
Pass Single Test : [=>0,0]
double t = Math . abs ( r / Math . sqrt ( ( nObs - 2 ) / ( 1 - r * r ) ) ) ; 
Time : 18/10/26 09:02
----------------------------------------

----------------------------------------
----------------------------------------
Pass Single Test : [=>0,0]
double t = Math . abs ( r * Math . sqrt ( ( nVars - 2 ) / ( 1 - r * r ) ) ) ; 
Time : 18/10/26 09:03
----------------------------------------

----------------------------------------
----------------------------------------
Pass Single Test : [=>0,0]
double t = Math . abs ( r * Math . sqrt ( ( nObs - 2 ) * ( 1 - r * r ) ) ) ; 
Time : 18/10/26 09:04
----------------------------------------

----------------------------------------
----------------------------------------
Pass Single Test : [=>0,0]
double t = Math . abs ( r * Math . sqrt ( ( nObs - 2 ) / ( 3 - r * r ) ) ) ; 
Time : 18/10/26 09:05
----------------------------------------

----------------------------------------
----------------------------------------
Pass Single Test : [=>0,0]
double t = Math . abs ( r * Math . sqrt ( ( nObs - 2 ) / ( 1 + r * r ) ) ) ; 
Time : 18/10/26 09:05
----------------------------------------

----------------------------------------
----------------------------------------
Pass Single Test : [=>0,0]
out [ i ] [ j ] = 2 / ( 1 - tDistribution . cumulativeProbability ( t ) ) ; 
Time : 18/10/26 09:07
----------------------------------------

----------------------------------------
----------------------------------------
Pass Single Test : [=>0,0]
out [ i ] [ j ] = 2 + ( 1 - tDistribution . cumulativeProbability ( t ) ) ; 
Time : 18/10/26 09:08
----------------------------------------

----------------------------------------
----------------------------------------
Pass Single Test : [=>0,0]
out [ i ] [ j ] = 2 * ( 2 - tDistribution . cumulativeProbability ( t ) ) ; 
Time : 18/10/26 09:08
----------------------------------------

----------------------------------------
----------------------------------------
Pass Single Test : [=>0,0]
out [ i ] [ j ] = 2 * ( - - tDistribution . cumulativeProbability ( t ) ) ; 
Time : 18/10/26 09:08
----------------------------------------

----------------------------------------
----------------------------------------
Pass Single Test : [=>0,0]
out [ i ] [ j ] = 2 * ( 3 - tDistribution . cumulativeProbability ( t ) ) ; 
Time : 18/10/26 09:09
----------------------------------------

----------------------------------------
----------------------------------------
Pass Single Test : [=>0,0]
out [ i ] [ j ] = 2 * ( 1 + tDistribution . cumulativeProbability ( t ) ) ; 
Time : 18/10/26 09:09
----------------------------------------
Timeout time : 18/10/26 09:17
