=================================================
Project : math_73	start : 18/10/26 15:43
Current failed test : org.apache.commons.math.analysis.solvers.BrentSolverTest::testBadEndpoints | 18/10/26 15:43

----------------------------------------
----------------------------------------
Pass Single Test : [=>0,0]
return ( end < mid ) && ( mid < end ) ; 
Time : 18/10/26 15:47
----------------------------------------

----------------------------------------
----------------------------------------
Pass Single Test : [=>0,0]
return ( start > mid ) && ( mid < end ) ; 
Time : 18/10/26 15:47
----------------------------------------

----------------------------------------
----------------------------------------
Pass Single Test : [=>0,0]
return ( start < mid ) && ( mid > end ) ; 
Time : 18/10/26 15:49
----------------------------------------

----------------------------------------
----------------------------------------
Pass Single Test : [=>0,0]
return ( start < mid ) && ( mid < start ) ; 
Time : 18/10/26 15:50
----------------------------------------

----------------------------------------
----------------------------------------
Pass Single Test : [=>0,0]
if ( ! isSequence ( upper , initial , upper ) ) { 
Time : 18/10/26 15:52
----------------------------------------

----------------------------------------
----------------------------------------
Pass Single Test : [=>0,0]
if ( ! isSequence ( lower , initial , lower ) ) { 
Time : 18/10/26 15:53
----------------------------------------

----------------------------------------
----------------------------------------
Pass Single Test : [=>0,0]
verifySequence ( max , initial , max ) ; 
Time : 18/10/26 15:58
----------------------------------------

----------------------------------------
----------------------------------------
Pass Single Test : [=>0,0]
verifySequence ( min , initial , min ) ; 
Time : 18/10/26 15:58
----------------------------------------
Timeout time : 18/10/26 16:15
